<testsuites id="" name="" tests="10" failures="1" skipped="0" errors="0" time="41.867307000000004">
<testsuite name="basic-pages.spec.ts" timestamp="2025-07-15T18:54:32.081Z" hostname="chromium" tests="10" failures="1" skipped="0" time="96.495" errors="0">
<testcase name="Basic Page Access Tests › / should load without errors" classname="basic-pages.spec.ts" time="5.358">
</testcase>
<testcase name="Basic Page Access Tests › /about should load without errors" classname="basic-pages.spec.ts" time="9.082">
<failure message="basic-pages.spec.ts:18:9 /about should load without errors" type="FAILURE">
<![CDATA[  [chromium] › basic-pages.spec.ts:18:9 › Basic Page Access Tests › /about should load without errors 

    Error: expect(received).toContain(expected) // indexOf

    Expected substring: "About La Belle Vie"
    Received string:    "About Us - Fibre Elite Glow"

      24 |       // Check that page title contains expected text
      25 |       const pageTitle = await page.title();
    > 26 |       expect(pageTitle).toContain(title);
         |                         ^
      27 |       
      28 |       // Check that the page has loaded (no 404 content)
      29 |       await expect(page.getByText('Page not found')).not.toBeVisible();
        at /Users/garyboyd/Documents/git/fibre-elite-glow/tests/basic-pages.spec.ts:26:25

    attachment #1: screenshot (image/png) ──────────────────────────────────────────────────────────
    test-results/basic-pages-Basic-Page-Acc-98a23--should-load-without-errors-chromium/test-failed-1.png
    ────────────────────────────────────────────────────────────────────────────────────────────────

    attachment #2: video (video/webm) ──────────────────────────────────────────────────────────────
    test-results/basic-pages-Basic-Page-Acc-98a23--should-load-without-errors-chromium/video.webm
    ────────────────────────────────────────────────────────────────────────────────────────────────

    Error Context: ../test-results/basic-pages-Basic-Page-Acc-98a23--should-load-without-errors-chromium/error-context.md
]]>
</failure>
<system-out>
<![CDATA[
[[ATTACHMENT|basic-pages-Basic-Page-Acc-98a23--should-load-without-errors-chromium/test-failed-1.png]]

[[ATTACHMENT|basic-pages-Basic-Page-Acc-98a23--should-load-without-errors-chromium/video.webm]]

[[ATTACHMENT|basic-pages-Basic-Page-Acc-98a23--should-load-without-errors-chromium/error-context.md]]
]]>
</system-out>
</testcase>
<testcase name="Basic Page Access Tests › /contact should load without errors" classname="basic-pages.spec.ts" time="8.773">
</testcase>
<testcase name="Basic Page Access Tests › /terms should load without errors" classname="basic-pages.spec.ts" time="9.18">
</testcase>
<testcase name="Basic Page Access Tests › /privacy should load without errors" classname="basic-pages.spec.ts" time="17.205">
</testcase>
<testcase name="Basic Page Access Tests › /products/total-essential should load without errors" classname="basic-pages.spec.ts" time="13.568">
</testcase>
<testcase name="Basic Page Access Tests › /products/total-essential-plus should load without errors" classname="basic-pages.spec.ts" time="11.261">
</testcase>
<testcase name="Basic Page Access Tests › /faq should load without errors" classname="basic-pages.spec.ts" time="13.109">
</testcase>
<testcase name="Basic Page Access Tests › /testimonials should load without errors" classname="basic-pages.spec.ts" time="4.519">
</testcase>
<testcase name="Basic Page Access Tests › /benefits should load without errors" classname="basic-pages.spec.ts" time="4.44">
</testcase>
</testsuite>
</testsuites>