<testsuites id="" name="" tests="5" failures="0" skipped="0" errors="0" time="29.279246">
<testsuite name="test-mcp.spec.js" timestamp="2025-07-09T03:44:43.620Z" hostname="chromium" tests="1" failures="0" skipped="0" time="10.477" errors="0">
<testcase name="MCP integration test" classname="test-mcp.spec.js" time="10.477">
<system-out>
<![CDATA[MCP integration test completed successfully!
]]>
</system-out>
</testcase>
</testsuite>
<testsuite name="test-mcp.spec.js" timestamp="2025-07-09T03:44:43.620Z" hostname="firefox" tests="1" failures="0" skipped="0" time="15.551" errors="0">
<testcase name="MCP integration test" classname="test-mcp.spec.js" time="15.551">
<system-out>
<![CDATA[MCP integration test completed successfully!
]]>
</system-out>
</testcase>
</testsuite>
<testsuite name="test-mcp.spec.js" timestamp="2025-07-09T03:44:43.620Z" hostname="webkit" tests="1" failures="0" skipped="0" time="11.72" errors="0">
<testcase name="MCP integration test" classname="test-mcp.spec.js" time="11.72">
<system-out>
<![CDATA[MCP integration test completed successfully!
]]>
</system-out>
</testcase>
</testsuite>
<testsuite name="test-mcp.spec.js" timestamp="2025-07-09T03:44:43.620Z" hostname="Mobile Chrome" tests="1" failures="0" skipped="0" time="11.549" errors="0">
<testcase name="MCP integration test" classname="test-mcp.spec.js" time="11.549">
<system-out>
<![CDATA[MCP integration test completed successfully!
]]>
</system-out>
</testcase>
</testsuite>
<testsuite name="test-mcp.spec.js" timestamp="2025-07-09T03:44:43.620Z" hostname="Mobile Safari" tests="1" failures="0" skipped="0" time="5.347" errors="0">
<testcase name="MCP integration test" classname="test-mcp.spec.js" time="5.347">
<system-out>
<![CDATA[MCP integration test completed successfully!
]]>
</system-out>
</testcase>
</testsuite>
</testsuites>